Arguments: 
  N:\Program Files\nodejs\node.exe N:\Program Files (x86)\Yarn\bin\yarn.js add @types/resize-optimize-images --dev

PATH: 
  N:\Anaconda3;N:\Anaconda3\Library\mingw-w64\bin;N:\Anaconda3\Library\usr\bin;N:\Anaconda3\Library\bin;N:\Anaconda3\Scripts;C:\Program Files\Java\jdk-11.0.2\bin;C:\Program Files (x86)\Common Files\Oracle\Java\javapath;c:\mingw\bin;c:\mingw\libexec\gcc\x86_64-w64-mingw32\7.2.0;c:\program files (x86)\intel\icls client\;c:\program files\intel\icls client\;c:\windows\system32;c:\windows;c:\windows\system32\wbem;c:\windows\system32\windowspowershell\v1.0\;c:\program files (x86)\intel\intel(r) management engine components\dal;c:\program files\intel\intel(r) management engine components\dal;c:\program files (x86)\intel\intel(r) management engine components\ipt;c:\program files\intel\intel(r) management engine components\ipt;C:\WINDOWS\system32;C:\WINDOWS;C:\WINDOWS\System32\Wbem;C:\WINDOWS\System32\WindowsPowerShell\v1.0\;C:\WINDOWS\System32\OpenSSH\;C:\ProgramData\chocolatey\bin;N:\Program Files (x86)\Yarn\bin\;C:\Program Files\Git\cmd;C:\Program Files\Git\mingw64\bin;C:\Program Files\Git\usr\bin;C:\WINDOWS\system32;C:\WINDOWS;C:\WINDOWS\System32\Wbem;C:\WINDOWS\System32\WindowsPowerShell\v1.0\;C:\WINDOWS\System32\OpenSSH\;N:\Program Files\nodejs\;C:\Users\nassim\.cargo\bin;C:\Users\nassim\.windows-build-tools\python27\;C:\Users\nassim\AppData\Local\Programs\Python\Python37\Scripts;C:\Users\nassim\AppData\Local\Programs\Python\Python37;C:\Program Files\Java\jdk-11.0.2\bin;C:\Users\nassim\AppData\Local\Microsoft\WindowsApps;C:\Users\nassim\AppData\Local\GitHubDesktop\bin;N:\androidSdks\sdk\tools;N:\androidSdks\sdk\platform-tools;N:\Programs\Microsoft VS Code\bin;N:\Program Files\PyCharm 2019.1.1\bin;N:\androidSdks\sdk\tools\bin;N:\androidSdks\sdk\emulator;N:\flutter\bin;N:\mongodb\bin;C:\MinGW\bin;C:\Program Files (x86)\Graphviz2.38\bin;N:\flutter\bin\cache\dart-sdk\bin;;C:\Users\nassim\.deno\bin;C:\Users\nassim\AppData\Local\Yarn\bin;C:\Users\nassim\AppData\Local\Microsoft\WindowsApps;C:\Users\nassim\AppData\Roaming\npm

Yarn version: 
  1.22.4

Node version: 
  14.4.0

Platform: 
  win32 x64

Trace: 
  Error: https://registry.yarnpkg.com/@types%2fresize-optimize-images: Not found
      at Request.params.callback [as _callback] (N:\Program Files (x86)\Yarn\lib\cli.js:66096:18)
      at Request.self.callback (N:\Program Files (x86)\Yarn\lib\cli.js:140748:22)
      at Request.emit (events.js:315:20)
      at Request.<anonymous> (N:\Program Files (x86)\Yarn\lib\cli.js:141720:10)
      at Request.emit (events.js:315:20)
      at IncomingMessage.<anonymous> (N:\Program Files (x86)\Yarn\lib\cli.js:141642:12)
      at Object.onceWrapper (events.js:421:28)
      at IncomingMessage.emit (events.js:327:22)
      at endReadableNT (_stream_readable.js:1224:12)
      at processTicksAndRejections (internal/process/task_queues.js:84:21)

npm manifest: 
  {
    "name": "image-optimizer",
    "version": "0.1.0",
    "description": "Optimize Images On the Fly",
    "main": "index.ts",
    "author": "MeridjaNassim",
    "license": "MIT",
    "scripts": {
      "start": "tsc -w",
      "dev": "ts-node ./dist"
    },
    "devDependencies": {
      "ts-node": "^9.0.0",
      "typescript": "^4.0.2"
    },
    "dependencies": {
      "resize-optimize-images": "^1.1.2"
    }
  }

yarn manifest: 
  No manifest

Lockfile: 
  # THIS IS AN AUTOGENERATED FILE. DO NOT EDIT THIS FILE DIRECTLY.
  # yarn lockfile v1
  
  
  "@jimp/bmp@^0.6.8":
    version "0.6.8"
    resolved "https://registry.yarnpkg.com/@jimp/bmp/-/bmp-0.6.8.tgz#8abbfd9e26ba17a47fab311059ea9f7dd82005b6"
    integrity sha512-uxVgSkI62uAzk5ZazYHEHBehow590WAkLKmDXLzkr/XP/Hv2Fx1T4DKwJ/15IY5ktq5VAhAUWGXTyd8KWFsx7w==
    dependencies:
      "@jimp/utils" "^0.6.8"
      bmp-js "^0.1.0"
      core-js "^2.5.7"
  
  "@jimp/core@^0.6.8":
    version "0.6.8"
    resolved "https://registry.yarnpkg.com/@jimp/core/-/core-0.6.8.tgz#6a41089792516f6e64a5302d12eb562aa7847c7b"
    integrity sha512-JOFqBBcSNiDiMZJFr6OJqC6viXj5NVBQISua0eacoYvo4YJtTajOIxC4MqWyUmGrDpRMZBR8QhSsIOwsFrdROA==
    dependencies:
      "@jimp/utils" "^0.6.8"
      any-base "^1.1.0"
      buffer "^5.2.0"
      core-js "^2.5.7"
      exif-parser "^0.1.12"
      file-type "^9.0.0"
      load-bmfont "^1.3.1"
      mkdirp "0.5.1"
      phin "^2.9.1"
      pixelmatch "^4.0.2"
      tinycolor2 "^1.4.1"
  
  "@jimp/custom@^0.6.8":
    version "0.6.8"
    resolved "https://registry.yarnpkg.com/@jimp/custom/-/custom-0.6.8.tgz#0476d7b3f5da3121d98895a2e14f2899e602f2b6"
    integrity sha512-FrYlzZRVXP2vuVwd7Nc2dlK+iZk4g6IaT1Ib8Z6vU5Kkwlt83FJIPJ2UUFABf3bF5big0wkk8ZUihWxE4Nzdng==
    dependencies:
      "@jimp/core" "^0.6.8"
      core-js "^2.5.7"
  
  "@jimp/gif@^0.6.8":
    version "0.6.8"
    resolved "https://registry.yarnpkg.com/@jimp/gif/-/gif-0.6.8.tgz#848dd4e6e1a56ca2b3ce528969e44dfa99a53b14"
    integrity sha512-yyOlujjQcgz9zkjM5ihZDEppn9d1brJ7jQHP5rAKmqep0G7FU1D0AKcV+Ql18RhuI/CgWs10wAVcrQpmLnu4Yw==
    dependencies:
      "@jimp/utils" "^0.6.8"
      core-js "^2.5.7"
      omggif "^1.0.9"
  
  "@jimp/jpeg@^0.6.8":
    version "0.6.8"
    resolved "https://registry.yarnpkg.com/@jimp/jpeg/-/jpeg-0.6.8.tgz#4cad85a6d1e15759acb56bddef29aa3473859f2c"
    integrity sha512-rGtXbYpFXAn471qLpTGvhbBMNHJo5KiufN+vC5AWyufntmkt5f0Ox2Cx4ijuBMDtirZchxbMLtrfGjznS4L/ew==
    dependencies:
      "@jimp/utils" "^0.6.8"
      core-js "^2.5.7"
      jpeg-js "^0.3.4"
  
  "@jimp/plugin-blit@^0.6.8":
    version "0.6.8"
    resolved "https://registry.yarnpkg.com/@jimp/plugin-blit/-/plugin-blit-0.6.8.tgz#646ebb631f35afc28c1e8908524bc43d1e9afa3d"
    integrity sha512-7Tl6YpKTSpvwQbnGNhsfX2zyl3jRVVopd276Y2hF2zpDz9Bycow7NdfNU/4Nx1jaf96X6uWOtSVINcQ7rGd47w==
    dependencies:
      "@jimp/utils" "^0.6.8"
      core-js "^2.5.7"
  
  "@jimp/plugin-blur@^0.6.8":
    version "0.6.8"
    resolved "https://registry.yarnpkg.com/@jimp/plugin-blur/-/plugin-blur-0.6.8.tgz#7b753ae94f6099103f57c268c3b2679047eefe95"
    integrity sha512-NpZCMKxXHLDQsX9zPlWtpMA660DQStY6/z8ZetyxCDbqrLe9YCXpeR4MNhdJdABIiwTm1W5FyFF4kp81PHJx3Q==
    dependencies:
      "@jimp/utils" "^0.6.8"
      core-js "^2.5.7"
  
  "@jimp/plugin-color@^0.6.8":
    version "0.6.8"
    resolved "https://registry.yarnpkg.com/@jimp/plugin-color/-/plugin-color-0.6.8.tgz#4101cb1208879b331db6e43ea6b96eaf8dbaedbc"
    integrity sha512-jjFyU0zNmGOH2rjzHuOMU4kaia0oo82s/7UYfn5h7OUkmUZTd6Do3ZSK1PiXA7KR+s4B76/Omm6Doh/0SGb7BQ==
    dependencies:
      "@jimp/utils" "^0.6.8"
      core-js "^2.5.7"
      tinycolor2 "^1.4.1"
  
  "@jimp/plugin-contain@^0.6.8":
    version "0.6.8"
    resolved "https://registry.yarnpkg.com/@jimp/plugin-contain/-/plugin-contain-0.6.8.tgz#af95d33b63d0478943374ae15dd2607fc69cad14"
    integrity sha512-p/P2wCXhAzbmEgXvGsvmxLmbz45feF6VpR4m9suPSOr8PC/i/XvTklTqYEUidYYAft4vHgsYJdS74HKSMnH8lw==
    dependencies:
      "@jimp/utils" "^0.6.8"
      core-js "^2.5.7"
  
  "@jimp/plugin-cover@^0.6.8":
    version "0.6.8"
    resolved "https://registry.yarnpkg.com/@jimp/plugin-cover/-/plugin-cover-0.6.8.tgz#490e3186627a34d93cc015c4169bac9070d6ad17"
    integrity sha512-2PvWgk+PJfRsfWDI1G8Fpjrsu0ZlpNyZxO2+fqWlVo6y/y2gP4v08FqvbkcqSjNlOu2IDWIFXpgyU0sTINWZLg==
    dependencies:
      "@jimp/utils" "^0.6.8"
      core-js "^2.5.7"
  
  "@jimp/plugin-crop@^0.6.8":
    version "0.6.8"
    resolved "https://registry.yarnpkg.com/@jimp/plugin-crop/-/plugin-crop-0.6.8.tgz#ffec8951a2f3eccad1e3cff9afff5326bd980ce7"
    integrity sha512-CbrcpWE2xxPK1n/JoTXzhRUhP4mO07mTWaSavenCg664oQl/9XCtL+A0FekuNHzIvn4myEqvkiTwN7FsbunS/Q==
    dependencies:
      "@jimp/utils" "^0.6.8"
      core-js "^2.5.7"
  
  "@jimp/plugin-displace@^0.6.8":
    version "0.6.8"
    resolved "https://registry.yarnpkg.com/@jimp/plugin-displace/-/plugin-displace-0.6.8.tgz#89df05ab7daaff6befc190bb8ac54ec8d57e533b"
    integrity sha512-RmV2bPxoPE6mrPxtYSPtHxm2cGwBQr5a2p+9gH6SPy+eUMrbGjbvjwKNfXWUYD0leML+Pt5XOmAS9pIROmuruQ==
    dependencies:
      "@jimp/utils" "^0.6.8"
      core-js "^2.5.7"
  
  "@jimp/plugin-dither@^0.6.8":
    version "0.6.8"
    resolved "https://registry.yarnpkg.com/@jimp/plugin-dither/-/plugin-dither-0.6.8.tgz#17e5b9f56575a871e329fef8b388e614b92d84f8"
    integrity sha512-x6V/qjxe+xypjpQm7GbiMNqci1EW5UizrcebOhHr8AHijOEqHd2hjXh5f6QIGfrkTFelc4/jzq1UyCsYntqz9Q==
    dependencies:
      "@jimp/utils" "^0.6.8"
      core-js "^2.5.7"
  
  "@jimp/plugin-flip@^0.6.8":
    version "0.6.8"
    resolved "https://registry.yarnpkg.com/@jimp/plugin-flip/-/plugin-flip-0.6.8.tgz#153df0c677f79d4078bb9e4c1f2ac392b96dc3a1"
    integrity sha512-4il6Da6G39s9MyWBEee4jztEOUGJ40E6OlPjkMrdpDNvge6hYEAB31BczTYBP/CEY74j4LDSoY5LbcU4kv06yA==
    dependencies:
      "@jimp/utils" "^0.6.8"
      core-js "^2.5.7"
  
  "@jimp/plugin-gaussian@^0.6.8":
    version "0.6.8"
    resolved "https://registry.yarnpkg.com/@jimp/plugin-gaussian/-/plugin-gaussian-0.6.8.tgz#100abc7ae1f19fe9c09ed41625b475aae7c6093c"
    integrity sha512-pVOblmjv7stZjsqloi4YzHVwAPXKGdNaHPhp4KP4vj41qtc6Hxd9z/+VWGYRTunMFac84gUToe0UKIXd6GhoKw==
    dependencies:
      "@jimp/utils" "^0.6.8"
      core-js "^2.5.7"
  
  "@jimp/plugin-invert@^0.6.8":
    version "0.6.8"
    resolved "https://registry.yarnpkg.com/@jimp/plugin-invert/-/plugin-invert-0.6.8.tgz#f40bfaa3b592d21ff14ede0e49aabec88048cad0"
    integrity sha512-11zuLiXDHr6tFv4U8aieXqNXQEKbDbSBG/h+X62gGTNFpyn8EVPpncHhOqrAFtZUaPibBqMFlNJ15SzwC7ExsQ==
    dependencies:
      "@jimp/utils" "^0.6.8"
      core-js "^2.5.7"
  
  "@jimp/plugin-mask@^0.6.8":
    version "0.6.8"
    resolved "https://registry.yarnpkg.com/@jimp/plugin-mask/-/plugin-mask-0.6.8.tgz#e64405f7dacf0672bff74f3b95b724d9ac517f86"
    integrity sha512-hZJ0OiKGJyv7hDSATwJDkunB1Ie80xJnONMgpUuUseteK45YeYNBOiZVUe8vum8QI1UwavgBzcvQ9u4fcgXc9g==
    dependencies:
      "@jimp/utils" "^0.6.8"
      core-js "^2.5.7"
  
  "@jimp/plugin-normalize@^0.6.8":
    version "0.6.8"
    resolved "https://registry.yarnpkg.com/@jimp/plugin-normalize/-/plugin-normalize-0.6.8.tgz#a0180f2b8835e3638cdc5e057b44ac63f60db6ba"
    integrity sha512-Q4oYhU+sSyTJI7pMZlg9/mYh68ujLfOxXzQGEXuw0sHGoGQs3B0Jw7jmzGa6pIS06Hup5hD2Zuh1ppvMdjJBfQ==
    dependencies:
      "@jimp/utils" "^0.6.8"
      core-js "^2.5.7"
  
  "@jimp/plugin-print@^0.6.8":
    version "0.6.8"
    resolved "https://registry.yarnpkg.com/@jimp/plugin-print/-/plugin-print-0.6.8.tgz#66309549e01896473111e3a0ad2cee428638bd6e"
    integrity sha512-2aokejGn4Drv1FesnZGqh5KEq0FQtR0drlmtyZrBH+r9cx7hh0Qgf4D1BOTDEgXkfSSngjGRjKKRW/fwOrVXYw==
    dependencies:
      "@jimp/utils" "^0.6.8"
      core-js "^2.5.7"
      load-bmfont "^1.4.0"
  
  "@jimp/plugin-resize@^0.6.8":
    version "0.6.8"
    resolved "https://registry.yarnpkg.com/@jimp/plugin-resize/-/plugin-resize-0.6.8.tgz#c26d9a973f7eec51ad9018fcbbac1146f7a73aa0"
    integrity sha512-27nPh8L1YWsxtfmV/+Ub5dOTpXyC0HMF2cu52RQSCYxr+Lm1+23dJF70AF1poUbUe+FWXphwuUxQzjBJza9UoA==
    dependencies:
      "@jimp/utils" "^0.6.8"
      core-js "^2.5.7"
  
  "@jimp/plugin-rotate@^0.6.8":
    version "0.6.8"
    resolved "https://registry.yarnpkg.com/@jimp/plugin-rotate/-/plugin-rotate-0.6.8.tgz#2afda247984eeebed95c1bb1b13ccd3be5973299"
    integrity sha512-GbjETvL05BDoLdszNUV4Y0yLkHf177MnqGqilA113LIvx9aD0FtUopGXYfRGVvmtTOTouoaGJUc+K6qngvKxww==
    dependencies:
      "@jimp/utils" "^0.6.8"
      core-js "^2.5.7"
  
  "@jimp/plugin-scale@^0.6.8":
    version "0.6.8"
    resolved "https://registry.yarnpkg.com/@jimp/plugin-scale/-/plugin-scale-0.6.8.tgz#5de403345859bb0b30bf3e242dedd8ceb6ecb96c"
    integrity sha512-GzIYWR/oCUK2jAwku23zt19V1ssaEU4pL0x2XsLNKuuJEU6DvEytJyTMXCE7OLG/MpDBQcQclJKHgiyQm5gIOQ==
    dependencies:
      "@jimp/utils" "^0.6.8"
      core-js "^2.5.7"
  
  "@jimp/plugins@^0.6.8":
    version "0.6.8"
    resolved "https://registry.yarnpkg.com/@jimp/plugins/-/plugins-0.6.8.tgz#5618170a986ced1ea795adcd9376122f2543b856"
    integrity sha512-fMcTI72Vn/Lz6JftezTURmyP5ml/xGMe0Ljx2KRJ85IWyP33vDmGIUuutFiBEbh2+y7lRT+aTSmjs0QGa/xTmQ==
    dependencies:
      "@jimp/plugin-blit" "^0.6.8"
      "@jimp/plugin-blur" "^0.6.8"
      "@jimp/plugin-color" "^0.6.8"
      "@jimp/plugin-contain" "^0.6.8"
      "@jimp/plugin-cover" "^0.6.8"
      "@jimp/plugin-crop" "^0.6.8"
      "@jimp/plugin-displace" "^0.6.8"
      "@jimp/plugin-dither" "^0.6.8"
      "@jimp/plugin-flip" "^0.6.8"
      "@jimp/plugin-gaussian" "^0.6.8"
      "@jimp/plugin-invert" "^0.6.8"
      "@jimp/plugin-mask" "^0.6.8"
      "@jimp/plugin-normalize" "^0.6.8"
      "@jimp/plugin-print" "^0.6.8"
      "@jimp/plugin-resize" "^0.6.8"
      "@jimp/plugin-rotate" "^0.6.8"
      "@jimp/plugin-scale" "^0.6.8"
      core-js "^2.5.7"
      timm "^1.6.1"
  
  "@jimp/png@^0.6.8":
    version "0.6.8"
    resolved "https://registry.yarnpkg.com/@jimp/png/-/png-0.6.8.tgz#ee06cf078b381137ec7206c4bb1b4cfcbe15ca6f"
    integrity sha512-JHHg/BZ7KDtHQrcG+a7fztw45rdf7okL/YwkN4qU5FH7Fcrp41nX5QnRviDtD9hN+GaNC7kvjvcqRAxW25qjew==
    dependencies:
      "@jimp/utils" "^0.6.8"
      core-js "^2.5.7"
      pngjs "^3.3.3"
  
  "@jimp/tiff@^0.6.8":
    version "0.6.8"
    resolved "https://registry.yarnpkg.com/@jimp/tiff/-/tiff-0.6.8.tgz#79bd22ed435edbe29d02a2c8c9bf829f988ebacc"
    integrity sha512-iWHbxd+0IKWdJyJ0HhoJCGYmtjPBOusz1z1HT/DnpePs/Lo3TO4d9ALXqYfUkyG74ZK5jULZ69KLtwuhuJz1bg==
    dependencies:
      core-js "^2.5.7"
      utif "^2.0.1"
  
  "@jimp/types@^0.6.8":
    version "0.6.8"
    resolved "https://registry.yarnpkg.com/@jimp/types/-/types-0.6.8.tgz#4510eb635cd00b201745d70e38f791748baa7075"
    integrity sha512-vCZ/Cp2osy69VP21XOBACfHI5HeR60Rfd4Jidj4W73UL+HrFWOtyQiJ7hlToyu1vI5mR/NsUQpzyQvz56ADm5A==
    dependencies:
      "@jimp/bmp" "^0.6.8"
      "@jimp/gif" "^0.6.8"
      "@jimp/jpeg" "^0.6.8"
      "@jimp/png" "^0.6.8"
      "@jimp/tiff" "^0.6.8"
      core-js "^2.5.7"
      timm "^1.6.1"
  
  "@jimp/utils@^0.6.8":
    version "0.6.8"
    resolved "https://registry.yarnpkg.com/@jimp/utils/-/utils-0.6.8.tgz#09f794945631173567aa50f72ac28170de58a63d"
    integrity sha512-7RDfxQ2C/rarNG9iso5vmnKQbcvlQjBIlF/p7/uYj72WeZgVCB+5t1fFBKJSU4WhniHX4jUMijK+wYGE3Y3bGw==
    dependencies:
      core-js "^2.5.7"
  
  any-base@^1.1.0:
    version "1.1.0"
    resolved "https://registry.yarnpkg.com/any-base/-/any-base-1.1.0.tgz#ae101a62bc08a597b4c9ab5b7089d456630549fe"
    integrity sha512-uMgjozySS8adZZYePpaWs8cxB9/kdzmpX6SgJZ+wbz1K5eYk5QMYDVJaZKhxyIHUdnnJkfR7SVgStgH7LkGUyg==
  
  arg@^4.1.0:
    version "4.1.3"
    resolved "https://registry.yarnpkg.com/arg/-/arg-4.1.3.tgz#269fc7ad5b8e42cb63c896d5666017261c144089"
    integrity sha512-58S9QDqG0Xx27YwPSt9fJxivjYl432YCwfDMfZ+71RAqUrZef7LrKQZ3LHLOwCS4FLNBplP533Zx895SeOCHvA==
  
  base64-js@^1.0.2:
    version "1.3.1"
    resolved "https://registry.yarnpkg.com/base64-js/-/base64-js-1.3.1.tgz#58ece8cb75dd07e71ed08c736abc5fac4dbf8df1"
    integrity sha512-mLQ4i2QO1ytvGWFWmcngKO//JXAQueZvwEKtjgQFM4jIK0kU+ytMfplL8j+n5mspOfjHwoAg+9yhb7BwAHm36g==
  
  bmp-js@^0.1.0:
    version "0.1.0"
    resolved "https://registry.yarnpkg.com/bmp-js/-/bmp-js-0.1.0.tgz#e05a63f796a6c1ff25f4771ec7adadc148c07233"
    integrity sha1-4Fpj95amwf8l9Hcex62twUjAcjM=
  
  buffer-equal@0.0.1:
    version "0.0.1"
    resolved "https://registry.yarnpkg.com/buffer-equal/-/buffer-equal-0.0.1.tgz#91bc74b11ea405bc916bc6aa908faafa5b4aac4b"
    integrity sha1-kbx0sR6kBbyRa8aqkI+q+ltKrEs=
  
  buffer-from@^1.0.0:
    version "1.1.1"
    resolved "https://registry.yarnpkg.com/buffer-from/-/buffer-from-1.1.1.tgz#32713bc028f75c02fdb710d7c7bcec1f2c6070ef"
    integrity sha512-MQcXEUbCKtEo7bhqEs6560Hyd4XaovZlO/k9V3hjVUF/zwW7KBVdSK4gIt/bzwS9MbR5qob+F5jusZsb0YQK2A==
  
  buffer@^5.2.0:
    version "5.6.0"
    resolved "https://registry.yarnpkg.com/buffer/-/buffer-5.6.0.tgz#a31749dc7d81d84db08abf937b6b8c4033f62786"
    integrity sha512-/gDYp/UtU0eA1ys8bOs9J6a+E/KWIY+DZ+Q2WESNUA0jFRsJOc0SNUO6xJ5SGA1xueg3NL65W6s+NY5l9cunuw==
    dependencies:
      base64-js "^1.0.2"
      ieee754 "^1.1.4"
  
  core-js@^2.5.7:
    version "2.6.11"
    resolved "https://registry.yarnpkg.com/core-js/-/core-js-2.6.11.tgz#38831469f9922bded8ee21c9dc46985e0399308c"
    integrity sha512-5wjnpaT/3dV+XB4borEsnAYQchn00XSgTAWKDkEqv+K8KevjbzmofK6hfJ9TZIlpj2N0xQpazy7PiRQiWHqzWg==
  
  diff@^4.0.1:
    version "4.0.2"
    resolved "https://registry.yarnpkg.com/diff/-/diff-4.0.2.tgz#60f3aecb89d5fae520c11aa19efc2bb982aade7d"
    integrity sha512-58lmxKSA4BNyLz+HHMUzlOEpg09FV+ev6ZMe3vJihgdxzgcwZ8VoEEPmALCZG9LmqfVoNMMKpttIYTVG6uDY7A==
  
  dom-walk@^0.1.0:
    version "0.1.2"
    resolved "https://registry.yarnpkg.com/dom-walk/-/dom-walk-0.1.2.tgz#0c548bef048f4d1f2a97249002236060daa3fd84"
    integrity sha512-6QvTW9mrGeIegrFXdtQi9pk7O/nSK6lSdXW2eqUspN5LWD7UTji2Fqw5V2YLjBpHEoU9Xl/eUWNpDeZvoyOv2w==
  
  exif-parser@^0.1.12:
    version "0.1.12"
    resolved "https://registry.yarnpkg.com/exif-parser/-/exif-parser-0.1.12.tgz#58a9d2d72c02c1f6f02a0ef4a9166272b7760922"
    integrity sha1-WKnS1ywCwfbwKg70qRZicrd2CSI=
  
  file-type@^9.0.0:
    version "9.0.0"
    resolved "https://registry.yarnpkg.com/file-type/-/file-type-9.0.0.tgz#a68d5ad07f486414dfb2c8866f73161946714a18"
    integrity sha512-Qe/5NJrgIOlwijpq3B7BEpzPFcgzggOTagZmkXQY4LA6bsXKTUstK7Wp12lEJ/mLKTpvIZxmIuRcLYWT6ov9lw==
  
  global@~4.3.0:
    version "4.3.2"
    resolved "https://registry.yarnpkg.com/global/-/global-4.3.2.tgz#e76989268a6c74c38908b1305b10fc0e394e9d0f"
    integrity sha1-52mJJopsdMOJCLEwWxD8DjlOnQ8=
    dependencies:
      min-document "^2.19.0"
      process "~0.5.1"
  
  ieee754@^1.1.4:
    version "1.1.13"
    resolved "https://registry.yarnpkg.com/ieee754/-/ieee754-1.1.13.tgz#ec168558e95aa181fd87d37f55c32bbcb6708b84"
    integrity sha512-4vf7I2LYV/HaWerSo3XmlMkp5eZ83i+/CDluXi/IGTs/O1sejBNhTtnxzmRZfvOUqj7lZjqHkeTvpgSFDlWZTg==
  
  is-function@^1.0.1:
    version "1.0.2"
    resolved "https://registry.yarnpkg.com/is-function/-/is-function-1.0.2.tgz#4f097f30abf6efadac9833b17ca5dc03f8144e08"
    integrity sha512-lw7DUp0aWXYg+CBCN+JKkcE0Q2RayZnSvnZBlwgxHBQhqt5pZNVy4Ri7H9GmmXkdu7LUthszM+Tor1u/2iBcpQ==
  
  jimp@^0.6.4:
    version "0.6.8"
    resolved "https://registry.yarnpkg.com/jimp/-/jimp-0.6.8.tgz#63074984337cc469cd4030946e503e7c02a18b5c"
    integrity sha512-F7emeG7Hp61IM8VFbNvWENLTuHe0ghizWPuP4JS9ujx2r5mCVYEd/zdaz6M2M42ZdN41blxPajLWl9FXo7Mr2Q==
    dependencies:
      "@jimp/custom" "^0.6.8"
      "@jimp/plugins" "^0.6.8"
      "@jimp/types" "^0.6.8"
      core-js "^2.5.7"
      regenerator-runtime "^0.13.3"
  
  jpeg-js@^0.3.4:
    version "0.3.7"
    resolved "https://registry.yarnpkg.com/jpeg-js/-/jpeg-js-0.3.7.tgz#471a89d06011640592d314158608690172b1028d"
    integrity sha512-9IXdWudL61npZjvLuVe/ktHiA41iE8qFyLB+4VDTblEsWBzeg8WQTlktdUK4CdncUqtUgUg0bbOmTE2bKBKaBQ==
  
  load-bmfont@^1.3.1, load-bmfont@^1.4.0:
    version "1.4.1"
    resolved "https://registry.yarnpkg.com/load-bmfont/-/load-bmfont-1.4.1.tgz#c0f5f4711a1e2ccff725a7b6078087ccfcddd3e9"
    integrity sha512-8UyQoYmdRDy81Brz6aLAUhfZLwr5zV0L3taTQ4hju7m6biuwiWiJXjPhBJxbUQJA8PrkvJ/7Enqmwk2sM14soA==
    dependencies:
      buffer-equal "0.0.1"
      mime "^1.3.4"
      parse-bmfont-ascii "^1.0.3"
      parse-bmfont-binary "^1.0.5"
      parse-bmfont-xml "^1.1.4"
      phin "^2.9.1"
      xhr "^2.0.1"
      xtend "^4.0.0"
  
  make-error@^1.1.1:
    version "1.3.6"
    resolved "https://registry.yarnpkg.com/make-error/-/make-error-1.3.6.tgz#2eb2e37ea9b67c4891f684a1394799af484cf7a2"
    integrity sha512-s8UhlNe7vPKomQhC1qFelMokr/Sc3AgNbso3n74mVPA5LTZwkB9NlXf4XPamLxJE8h0gh73rM94xvwRT2CVInw==
  
  mime@^1.3.4:
    version "1.6.0"
    resolved "https://registry.yarnpkg.com/mime/-/mime-1.6.0.tgz#32cd9e5c64553bd58d19a568af452acff04981b1"
    integrity sha512-x0Vn8spI+wuJ1O6S7gnbaQg8Pxh4NNHb7KSINmEWKiPE4RKOplvijn+NkmYmmRgP68mc70j2EbeTFRsrswaQeg==
  
  min-document@^2.19.0:
    version "2.19.0"
    resolved "https://registry.yarnpkg.com/min-document/-/min-document-2.19.0.tgz#7bd282e3f5842ed295bb748cdd9f1ffa2c824685"
    integrity sha1-e9KC4/WELtKVu3SM3Z8f+iyCRoU=
    dependencies:
      dom-walk "^0.1.0"
  
  minimist@0.0.8:
    version "0.0.8"
    resolved "https://registry.yarnpkg.com/minimist/-/minimist-0.0.8.tgz#857fcabfc3397d2625b8228262e86aa7a011b05d"
    integrity sha1-hX/Kv8M5fSYluCKCYuhqp6ARsF0=
  
  mkdirp@0.5.1:
    version "0.5.1"
    resolved "https://registry.yarnpkg.com/mkdirp/-/mkdirp-0.5.1.tgz#30057438eac6cf7f8c4767f38648d6697d75c903"
    integrity sha1-MAV0OOrGz3+MR2fzhkjWaX11yQM=
    dependencies:
      minimist "0.0.8"
  
  omggif@^1.0.9:
    version "1.0.10"
    resolved "https://registry.yarnpkg.com/omggif/-/omggif-1.0.10.tgz#ddaaf90d4a42f532e9e7cb3a95ecdd47f17c7b19"
    integrity sha512-LMJTtvgc/nugXj0Vcrrs68Mn2D1r0zf630VNtqtpI1FEO7e+O9FP4gqs9AcnBaSEeoHIPm28u6qgPR0oyEpGSw==
  
  pako@^1.0.5:
    version "1.0.11"
    resolved "https://registry.yarnpkg.com/pako/-/pako-1.0.11.tgz#6c9599d340d54dfd3946380252a35705a6b992bf"
    integrity sha512-4hLB8Py4zZce5s4yd9XzopqwVv/yGNhV1Bl8NTmCq1763HeK2+EwVTv+leGeL13Dnh2wfbqowVPXCIO0z4taYw==
  
  parse-bmfont-ascii@^1.0.3:
    version "1.0.6"
    resolved "https://registry.yarnpkg.com/parse-bmfont-ascii/-/parse-bmfont-ascii-1.0.6.tgz#11ac3c3ff58f7c2020ab22769079108d4dfa0285"
    integrity sha1-Eaw8P/WPfCAgqyJ2kHkQjU36AoU=
  
  parse-bmfont-binary@^1.0.5:
    version "1.0.6"
    resolved "https://registry.yarnpkg.com/parse-bmfont-binary/-/parse-bmfont-binary-1.0.6.tgz#d038b476d3e9dd9db1e11a0b0e53a22792b69006"
    integrity sha1-0Di0dtPp3Z2x4RoLDlOiJ5K2kAY=
  
  parse-bmfont-xml@^1.1.4:
    version "1.1.4"
    resolved "https://registry.yarnpkg.com/parse-bmfont-xml/-/parse-bmfont-xml-1.1.4.tgz#015319797e3e12f9e739c4d513872cd2fa35f389"
    integrity sha512-bjnliEOmGv3y1aMEfREMBJ9tfL3WR0i0CKPj61DnSLaoxWR3nLrsQrEbCId/8rF4NyRF0cCqisSVXyQYWM+mCQ==
    dependencies:
      xml-parse-from-string "^1.0.0"
      xml2js "^0.4.5"
  
  parse-headers@^2.0.0:
    version "2.0.3"
    resolved "https://registry.yarnpkg.com/parse-headers/-/parse-headers-2.0.3.tgz#5e8e7512383d140ba02f0c7aa9f49b4399c92515"
    integrity sha512-QhhZ+DCCit2Coi2vmAKbq5RGTRcQUOE2+REgv8vdyu7MnYx2eZztegqtTx99TZ86GTIwqiy3+4nQTWZ2tgmdCA==
  
  phin@^2.9.1:
    version "2.9.3"
    resolved "https://registry.yarnpkg.com/phin/-/phin-2.9.3.tgz#f9b6ac10a035636fb65dfc576aaaa17b8743125c"
    integrity sha512-CzFr90qM24ju5f88quFC/6qohjC144rehe5n6DH900lgXmUe86+xCKc10ev56gRKC4/BkHUoG4uSiQgBiIXwDA==
  
  pixelmatch@^4.0.2:
    version "4.0.2"
    resolved "https://registry.yarnpkg.com/pixelmatch/-/pixelmatch-4.0.2.tgz#8f47dcec5011b477b67db03c243bc1f3085e8854"
    integrity sha1-j0fc7FARtHe2fbA8JDvB8wheiFQ=
    dependencies:
      pngjs "^3.0.0"
  
  pngjs@^3.0.0, pngjs@^3.3.3:
    version "3.4.0"
    resolved "https://registry.yarnpkg.com/pngjs/-/pngjs-3.4.0.tgz#99ca7d725965fb655814eaf65f38f12bbdbf555f"
    integrity sha512-NCrCHhWmnQklfH4MtJMRjZ2a8c80qXeMlQMv2uVp9ISJMTt562SbGd6n2oq0PaPgKm7Z6pL9E2UlLIhC+SHL3w==
  
  process@~0.5.1:
    version "0.5.2"
    resolved "https://registry.yarnpkg.com/process/-/process-0.5.2.tgz#1638d8a8e34c2f440a91db95ab9aeb677fc185cf"
    integrity sha1-FjjYqONML0QKkduVq5rrZ3/Bhc8=
  
  regenerator-runtime@^0.13.3:
    version "0.13.7"
    resolved "https://registry.yarnpkg.com/regenerator-runtime/-/regenerator-runtime-0.13.7.tgz#cac2dacc8a1ea675feaabaeb8ae833898ae46f55"
    integrity sha512-a54FxoJDIr27pgf7IgeQGxmqUNYrcV338lf/6gH456HZ/PhX+5BcwHXG9ajESmwe6WRO0tAzRUrRmNONWgkrew==
  
  resize-optimize-images@^1.1.2:
    version "1.1.2"
    resolved "https://registry.yarnpkg.com/resize-optimize-images/-/resize-optimize-images-1.1.2.tgz#af5d1cc48b8cc7e1c6c4b4ad93d80b23d3e0cf90"
    integrity sha512-o87KHdfSEJ0Fwi8A/aryyIv4hTMUIl87st81bkl2N5+SJtqDG7Dr42QC+yNM/1IIl6rwsRCfc+LJpTGMLI/VKg==
    dependencies:
      jimp "^0.6.4"
  
  sax@>=0.6.0:
    version "1.2.4"
    resolved "https://registry.yarnpkg.com/sax/-/sax-1.2.4.tgz#2816234e2378bddc4e5354fab5caa895df7100d9"
    integrity sha512-NqVDv9TpANUjFm0N8uM5GxL36UgKi9/atZw+x7YFnQ8ckwFGKrl4xX4yWtrey3UJm5nP1kUbnYgLopqWNSRhWw==
  
  source-map-support@^0.5.17:
    version "0.5.19"
    resolved "https://registry.yarnpkg.com/source-map-support/-/source-map-support-0.5.19.tgz#a98b62f86dcaf4f67399648c085291ab9e8fed61"
    integrity sha512-Wonm7zOCIJzBGQdB+thsPar0kYuCIzYvxZwlBa87yi/Mdjv7Tip2cyVbLj5o0cFPN4EVkuTwb3GDDyUx2DGnGw==
    dependencies:
      buffer-from "^1.0.0"
      source-map "^0.6.0"
  
  source-map@^0.6.0:
    version "0.6.1"
    resolved "https://registry.yarnpkg.com/source-map/-/source-map-0.6.1.tgz#74722af32e9614e9c287a8d0bbde48b5e2f1a263"
    integrity sha512-UjgapumWlbMhkBgzT7Ykc5YXUT46F0iKu8SGXq0bcwP5dz/h0Plj6enJqjz1Zbq2l5WaqYnrVbwWOWMyF3F47g==
  
  timm@^1.6.1:
    version "1.7.0"
    resolved "https://registry.yarnpkg.com/timm/-/timm-1.7.0.tgz#c538100a58d066a53cb6cadeb8fb6b0dfd66e270"
    integrity sha512-oVYHPG5KiUJ3KrbBTmW2kTauIO9E1lDEUM6K92HVuwnPfTt7W8UXZG3vqOo4tVaHRI9AHToVHqhzIUUFkDN6rA==
  
  tinycolor2@^1.4.1:
    version "1.4.1"
    resolved "https://registry.yarnpkg.com/tinycolor2/-/tinycolor2-1.4.1.tgz#f4fad333447bc0b07d4dc8e9209d8f39a8ac77e8"
    integrity sha1-9PrTM0R7wLB9TcjpIJ2POaisd+g=
  
  ts-node@^9.0.0:
    version "9.0.0"
    resolved "https://registry.yarnpkg.com/ts-node/-/ts-node-9.0.0.tgz#e7699d2a110cc8c0d3b831715e417688683460b3"
    integrity sha512-/TqB4SnererCDR/vb4S/QvSZvzQMJN8daAslg7MeaiHvD8rDZsSfXmNeNumyZZzMned72Xoq/isQljYSt8Ynfg==
    dependencies:
      arg "^4.1.0"
      diff "^4.0.1"
      make-error "^1.1.1"
      source-map-support "^0.5.17"
      yn "3.1.1"
  
  typescript@^4.0.2:
    version "4.0.2"
    resolved "https://registry.yarnpkg.com/typescript/-/typescript-4.0.2.tgz#7ea7c88777c723c681e33bf7988be5d008d05ac2"
    integrity sha512-e4ERvRV2wb+rRZ/IQeb3jm2VxBsirQLpQhdxplZ2MEzGvDkkMmPglecnNDfSUBivMjP93vRbngYYDQqQ/78bcQ==
  
  utif@^2.0.1:
    version "2.0.1"
    resolved "https://registry.yarnpkg.com/utif/-/utif-2.0.1.tgz#9e1582d9bbd20011a6588548ed3266298e711759"
    integrity sha512-Z/S1fNKCicQTf375lIP9G8Sa1H/phcysstNrrSdZKj1f9g58J4NMgb5IgiEZN9/nLMPDwF0W7hdOe9Qq2IYoLg==
    dependencies:
      pako "^1.0.5"
  
  xhr@^2.0.1:
    version "2.5.0"
    resolved "https://registry.yarnpkg.com/xhr/-/xhr-2.5.0.tgz#bed8d1676d5ca36108667692b74b316c496e49dd"
    integrity sha512-4nlO/14t3BNUZRXIXfXe+3N6w3s1KoxcJUUURctd64BLRe67E4gRwp4PjywtDY72fXpZ1y6Ch0VZQRY/gMPzzQ==
    dependencies:
      global "~4.3.0"
      is-function "^1.0.1"
      parse-headers "^2.0.0"
      xtend "^4.0.0"
  
  xml-parse-from-string@^1.0.0:
    version "1.0.1"
    resolved "https://registry.yarnpkg.com/xml-parse-from-string/-/xml-parse-from-string-1.0.1.tgz#a9029e929d3dbcded169f3c6e28238d95a5d5a28"
    integrity sha1-qQKekp09vN7RafPG4oI42VpdWig=
  
  xml2js@^0.4.5:
    version "0.4.23"
    resolved "https://registry.yarnpkg.com/xml2js/-/xml2js-0.4.23.tgz#a0c69516752421eb2ac758ee4d4ccf58843eac66"
    integrity sha512-ySPiMjM0+pLDftHgXY4By0uswI3SPKLDw/i3UXbnO8M/p28zqexCUoPmQFrYD+/1BzhGJSs2i1ERWKJAtiLrug==
    dependencies:
      sax ">=0.6.0"
      xmlbuilder "~11.0.0"
  
  xmlbuilder@~11.0.0:
    version "11.0.1"
    resolved "https://registry.yarnpkg.com/xmlbuilder/-/xmlbuilder-11.0.1.tgz#be9bae1c8a046e76b31127726347d0ad7002beb3"
    integrity sha512-fDlsI/kFEx7gLvbecc0/ohLG50fugQp8ryHzMTuW9vSa1GJ0XYWKnhsUx7oie3G98+r56aTQIUB4kht42R3JvA==
  
  xtend@^4.0.0:
    version "4.0.2"
    resolved "https://registry.yarnpkg.com/xtend/-/xtend-4.0.2.tgz#bb72779f5fa465186b1f438f674fa347fdb5db54"
    integrity sha512-LKYU1iAXJXUgAXn9URjiu+MWhyUXHsvfp7mcuYm9dSUKK0/CjtrUwFAxD82/mCWbtLsGjFIad0wIsod4zrTAEQ==
  
  yn@3.1.1:
    version "3.1.1"
    resolved "https://registry.yarnpkg.com/yn/-/yn-3.1.1.tgz#1e87401a09d767c1d5eab26a6e4c185182d2eb50"
    integrity sha512-Ux4ygGWsu2c7isFWe8Yu1YluJmqVhxqK2cLXNQA5AcC3QfbGNpM7fu0Y8b/z16pXLnFxZYvWhd3fhBY9DLmC6Q==
